<?xml version="1.0" encoding="UTF-8"?>
<!-- Generated by org.testng.reporters.JUnitReportReporter -->
<testsuite hostname="LAPTOP-V1EP264I" failures="0" tests="2" name="Test.KhanAceLoginTest" time="13.967" errors="0" timestamp="2023-08-08T15:25:53 IST" skipped="0">
  <testcase classname="Test.KhanAceLoginTest" name="loginWithValidCredentials" time="8.051"/>
  <testcase classname="Test.KhanAceLoginTest" name="loginWithInvalidUsername" time="5.916"/>
</testsuite> <!-- Test.KhanAceLoginTest -->
