<?xml version="1.0" encoding="UTF-8"?>
<!-- Generated by org.testng.reporters.JUnitReportReporter -->
<testsuite hostname="LAPTOP-V1EP264I" failures="0" tests="1" name="Test.WebTable" time="8.862" errors="0" timestamp="2023-07-31T00:35:08 IST" skipped="0">
  <testcase classname="Test.WebTable" name="webTables" time="8.862"/>
</testsuite> <!-- Test.WebTable -->
